update-alternatives 2021-02-22 22:43:29: run with --quiet --install /usr/bin/awk awk /usr/bin/mawk 5 --slave /usr/share/man/man1/awk.1.gz awk.1.gz /usr/share/man/man1/mawk.1.gz --slave /usr/bin/nawk nawk /usr/bin/mawk --slave /usr/share/man/man1/nawk.1.gz nawk.1.gz /usr/share/man/man1/mawk.1.gz
update-alternatives 2021-02-22 22:43:29: link group awk updated to point to /usr/bin/mawk
update-alternatives 2021-02-22 22:43:49: run with --quiet --install /usr/bin/awk awk /usr/bin/mawk 5 --slave /usr/share/man/man1/awk.1.gz awk.1.gz /usr/share/man/man1/mawk.1.gz --slave /usr/bin/nawk nawk /usr/bin/mawk --slave /usr/share/man/man1/nawk.1.gz nawk.1.gz /usr/share/man/man1/mawk.1.gz
update-alternatives 2021-02-22 22:43:50: run with --install /usr/share/man/man7/builtins.7.gz builtins.7.gz /usr/share/man/man7/bash-builtins.7.gz 10
update-alternatives 2021-02-22 22:43:50: link group builtins.7.gz updated to point to /usr/share/man/man7/bash-builtins.7.gz
update-alternatives 2021-02-22 22:43:50: run with --install /usr/sbin/rmt rmt /usr/sbin/rmt-tar 50 --slave /usr/share/man/man8/rmt.8.gz rmt.8.gz /usr/share/man/man8/rmt-tar.8.gz
update-alternatives 2021-02-22 22:43:50: link group rmt updated to point to /usr/sbin/rmt-tar
update-alternatives 2021-02-22 22:43:51: run with --install /usr/bin/pager pager /bin/more 50 --slave /usr/share/man/man1/pager.1.gz pager.1.gz /usr/share/man/man1/more.1.gz
update-alternatives 2021-02-22 22:43:51: link group pager updated to point to /bin/more
update-alternatives 2021-02-22 22:43:51: run with --remove pager /usr/bin/pg
update-alternatives 2021-02-22 22:43:52: run with --install /usr/bin/w w /usr/bin/w.procps 50 --slave /usr/share/man/man1/w.1.gz w.1.gz /usr/share/man/man1/w.procps.1.gz
update-alternatives 2021-02-22 22:43:52: link group w updated to point to /usr/bin/w.procps
update-alternatives 2021-02-22 22:44:20: run with --quiet --install /usr/bin/awk awk /usr/bin/mawk 5 --slave /usr/share/man/man1/awk.1.gz awk.1.gz /usr/share/man/man1/mawk.1.gz --slave /usr/bin/nawk nawk /usr/bin/mawk --slave /usr/share/man/man1/nawk.1.gz nawk.1.gz /usr/share/man/man1/mawk.1.gz
update-alternatives 2021-02-22 22:44:20: auto-repair link group awk
update-alternatives 2021-02-22 22:44:26: run with --remove builtins.7.gz /usr/share/man/man7/bash-builtins.7.gz
update-alternatives 2021-02-22 22:44:26: link group builtins.7.gz fully removed
update-alternatives 2021-02-22 22:44:56: run with --install /usr/sbin/rmt rmt /usr/sbin/rmt-tar 50 --slave /usr/share/man/man8/rmt.8.gz rmt.8.gz /usr/share/man/man8/rmt-tar.8.gz
update-alternatives 2021-02-22 22:44:56: auto-repair link group rmt
update-alternatives 2021-02-22 22:45:56: run with --install /usr/bin/pager pager /bin/more 50 --slave /usr/share/man/man1/pager.1.gz pager.1.gz /usr/share/man/man1/more.1.gz
update-alternatives 2021-02-22 22:45:56: auto-repair link group pager
update-alternatives 2021-02-22 22:45:56: run with --remove pager /usr/bin/pg
update-alternatives 2021-02-22 22:46:40: run with --install /usr/bin/w w /usr/bin/w.procps 50 --slave /usr/share/man/man1/w.1.gz w.1.gz /usr/share/man/man1/w.procps.1.gz
update-alternatives 2021-02-22 22:46:40: auto-repair link group w
update-alternatives 2021-02-22 22:47:01: run with --install /usr/sbin/rmt rmt /usr/sbin/rmt-tar 50 --slave /usr/share/man/man8/rmt.8.gz rmt.8.gz /usr/share/man/man8/rmt-tar.8.gz
update-alternatives 2021-02-22 22:47:07: run with --install /usr/bin/pager pager /bin/more 50 --slave /usr/share/man/man1/pager.1.gz pager.1.gz /usr/share/man/man1/more.1.gz
update-alternatives 2021-02-22 22:47:07: run with --remove pager /usr/bin/pg
update-alternatives 2021-02-22 22:47:21: run with --install /usr/bin/w w /usr/bin/w.procps 50 --slave /usr/share/man/man1/w.1.gz w.1.gz /usr/share/man/man1/w.procps.1.gz
update-alternatives 2021-04-06 06:51:27: run with --quiet --install /usr/bin/pinentry pinentry /usr/bin/pinentry-curses 50 --slave /usr/share/man/man1/pinentry.1.gz pinentry.1.gz /usr/share/man/man1/pinentry-curses.1.gz
update-alternatives 2021-04-06 06:51:27: link group pinentry updated to point to /usr/bin/pinentry-curses
update-alternatives 2021-04-06 06:52:10: run with --quiet --install /usr/bin/nodejs nodejs /usr/bin/node 50 --slave /usr/share/man/man1/nodejs.1.gz nodejs.1.gz /usr/share/man/man1/node.1.gz
update-alternatives 2021-04-06 06:52:10: link group nodejs updated to point to /usr/bin/node
update-alternatives 2021-04-06 06:52:19: run with --quiet --install /usr/bin/rsh rsh /usr/bin/ssh 20 --slave /usr/share/man/man1/rsh.1.gz rsh.1.gz /usr/share/man/man1/ssh.1.gz
update-alternatives 2021-04-06 06:52:19: link group rsh updated to point to /usr/bin/ssh
update-alternatives 2021-04-06 06:52:19: run with --quiet --install /usr/bin/rlogin rlogin /usr/bin/slogin 20 --slave /usr/share/man/man1/rlogin.1.gz rlogin.1.gz /usr/share/man/man1/slogin.1.gz
update-alternatives 2021-04-06 06:52:19: link group rlogin updated to point to /usr/bin/slogin
update-alternatives 2021-04-06 06:52:19: run with --quiet --install /usr/bin/rcp rcp /usr/bin/scp 20 --slave /usr/share/man/man1/rcp.1.gz rcp.1.gz /usr/share/man/man1/scp.1.gz
update-alternatives 2021-04-06 06:52:19: link group rcp updated to point to /usr/bin/scp
update-alternatives 2021-04-06 06:52:19: run with --install /usr/share/man/man1/psql.1.gz psql.1.gz /usr/share/postgresql/12/man/man1/psql.1.gz 120 --slave /usr/share/man/man1/clusterdb.1.gz clusterdb.1.gz /usr/share/postgresql/12/man/man1/clusterdb.1.gz --slave /usr/share/man/man1/createdb.1.gz createdb.1.gz /usr/share/postgresql/12/man/man1/createdb.1.gz --slave /usr/share/man/man1/createuser.1.gz createuser.1.gz /usr/share/postgresql/12/man/man1/createuser.1.gz --slave /usr/share/man/man1/dropdb.1.gz dropdb.1.gz /usr/share/postgresql/12/man/man1/dropdb.1.gz --slave /usr/share/man/man1/dropuser.1.gz dropuser.1.gz /usr/share/postgresql/12/man/man1/dropuser.1.gz --slave /usr/share/man/man1/pg_basebackup.1.gz pg_basebackup.1.gz /usr/share/postgresql/12/man/man1/pg_basebackup.1.gz --slave /usr/share/man/man1/pg_dump.1.gz pg_dump.1.gz /usr/share/postgresql/12/man/man1/pg_dump.1.gz --slave /usr/share/man/man1/pg_dumpall.1.gz pg_dumpall.1.gz /usr/share/postgresql/12/man/man1/pg_dumpall.1.gz --slave /usr/share/man/man1/pg_isready.1.gz pg_isready.1.gz /usr/share/postgresql/12/man/man1/pg_isready.1.gz --slave /usr/share/man/man1/pg_receivewal.1.gz pg_receivewal.1.gz /usr/share/postgresql/12/man/man1/pg_receivewal.1.gz --slave /usr/share/man/man1/pg_recvlogical.1.gz pg_recvlogical.1.gz /usr/share/postgresql/12/man/man1/pg_recvlogical.1.gz --slave /usr/share/man/man1/pg_restore.1.gz pg_restore.1.gz /usr/share/postgresql/12/man/man1/pg_restore.1.gz --slave /usr/share/man/man1/reindexdb.1.gz reindexdb.1.gz /usr/share/postgresql/12/man/man1/reindexdb.1.gz --slave /usr/share/man/man1/vacuumdb.1.gz vacuumdb.1.gz /usr/share/postgresql/12/man/man1/vacuumdb.1.gz --slave /usr/share/man/man7/ABORT.7.gz ABORT.7.gz /usr/share/postgresql/12/man/man7/ABORT.7.gz --slave /usr/share/man/man7/ALTER_AGGREGATE.7.gz ALTER_AGGREGATE.7.gz /usr/share/postgresql/12/man/man7/ALTER_AGGREGATE.7.gz --slave /usr/share/man/man7/ALTER_COLLATION.7.gz ALTER_COLLATION.7.gz /usr/share/postgresql/12/man/man7/ALTER_COLLATION.7.gz --slave /usr/share/man/man7/ALTER_CONVERSION.7.gz ALTER_CONVERSION.7.gz
update-alternatives 2021-04-06 06:52:19: link group psql.1.gz updated to point to /usr/share/postgresql/12/man/man1/psql.1.gz
update-alternatives 2021-04-06 06:52:21: run with --install /usr/share/man/man1/postmaster.1.gz postmaster.1.gz /usr/share/postgresql/12/man/man1/postmaster.1.gz 120 --slave /usr/share/man/man1/initdb.1.gz initdb.1.gz /usr/share/postgresql/12/man/man1/initdb.1.gz --slave /usr/share/man/man1/oid2name.1.gz oid2name.1.gz /usr/share/postgresql/12/man/man1/oid2name.1.gz --slave /usr/share/man/man1/pg_archivecleanup.1.gz pg_archivecleanup.1.gz /usr/share/postgresql/12/man/man1/pg_archivecleanup.1.gz --slave /usr/share/man/man1/pg_checksums.1.gz pg_checksums.1.gz /usr/share/postgresql/12/man/man1/pg_checksums.1.gz --slave /usr/share/man/man1/pg_controldata.1.gz pg_controldata.1.gz /usr/share/postgresql/12/man/man1/pg_controldata.1.gz --slave /usr/share/man/man1/pg_ctl.1.gz pg_ctl.1.gz /usr/share/postgresql/12/man/man1/pg_ctl.1.gz --slave /usr/share/man/man1/pg_resetwal.1.gz pg_resetwal.1.gz /usr/share/postgresql/12/man/man1/pg_resetwal.1.gz --slave /usr/share/man/man1/pg_rewind.1.gz pg_rewind.1.gz /usr/share/postgresql/12/man/man1/pg_rewind.1.gz --slave /usr/share/man/man1/pg_standby.1.gz pg_standby.1.gz /usr/share/postgresql/12/man/man1/pg_standby.1.gz --slave /usr/share/man/man1/pg_test_fsync.1.gz pg_test_fsync.1.gz /usr/share/postgresql/12/man/man1/pg_test_fsync.1.gz --slave /usr/share/man/man1/pg_test_timing.1.gz pg_test_timing.1.gz /usr/share/postgresql/12/man/man1/pg_test_timing.1.gz --slave /usr/share/man/man1/pg_upgrade.1.gz pg_upgrade.1.gz /usr/share/postgresql/12/man/man1/pg_upgrade.1.gz --slave /usr/share/man/man1/pg_waldump.1.gz pg_waldump.1.gz /usr/share/postgresql/12/man/man1/pg_waldump.1.gz --slave /usr/share/man/man1/pgbench.1.gz pgbench.1.gz /usr/share/postgresql/12/man/man1/pgbench.1.gz --slave /usr/share/man/man1/postgres.1.gz postgres.1.gz /usr/share/postgresql/12/man/man1/postgres.1.gz --slave /usr/share/man/man1/vacuumlo.1.gz vacuumlo.1.gz /usr/share/postgresql/12/man/man1/vacuumlo.1.gz
update-alternatives 2021-04-06 06:52:21: link group postmaster.1.gz updated to point to /usr/share/postgresql/12/man/man1/postmaster.1.gz
update-alternatives 2021-04-06 06:52:22: run with --install /usr/bin/gem gem /usr/bin/gem2.7 181
update-alternatives 2021-04-06 06:52:22: link group gem updated to point to /usr/bin/gem2.7
update-alternatives 2021-04-06 06:52:22: run with --install /usr/bin/ruby ruby /usr/bin/ruby2.7 51 --slave /usr/bin/erb erb /usr/bin/erb2.7 --slave /usr/bin/irb irb /usr/bin/irb2.7 --slave /usr/bin/rdoc rdoc /usr/bin/rdoc2.7 --slave /usr/bin/ri ri /usr/bin/ri2.7 --slave /usr/share/man/man1/ruby.1.gz ruby.1.gz /usr/share/man/man1/ruby2.7.1.gz --slave /usr/share/man/man1/erb.1.gz erb.1.gz /usr/share/man/man1/erb2.7.1.gz --slave /usr/share/man/man1/irb.1.gz irb.1.gz /usr/share/man/man1/irb2.7.1.gz --slave /usr/share/man/man1/ri.1.gz ri.1.gz /usr/share/man/man1/ri2.7.1.gz
update-alternatives 2021-04-06 06:52:22: link group ruby updated to point to /usr/bin/ruby2.7
update-alternatives 2021-04-06 06:52:22: run with --install /usr/bin/rst-buildhtml rst-buildhtml /usr/share/docutils/scripts/python3/rst-buildhtml 20
update-alternatives 2021-04-06 06:52:22: link group rst-buildhtml updated to point to /usr/share/docutils/scripts/python3/rst-buildhtml
update-alternatives 2021-04-06 06:52:22: run with --install /usr/bin/rst2html rst2html /usr/share/docutils/scripts/python3/rst2html 20
update-alternatives 2021-04-06 06:52:22: link group rst2html updated to point to /usr/share/docutils/scripts/python3/rst2html
update-alternatives 2021-04-06 06:52:22: run with --install /usr/bin/rst2html4 rst2html4 /usr/share/docutils/scripts/python3/rst2html4 20
update-alternatives 2021-04-06 06:52:22: link group rst2html4 updated to point to /usr/share/docutils/scripts/python3/rst2html4
update-alternatives 2021-04-06 06:52:22: run with --install /usr/bin/rst2html5 rst2html5 /usr/share/docutils/scripts/python3/rst2html5 20
update-alternatives 2021-04-06 06:52:22: link group rst2html5 updated to point to /usr/share/docutils/scripts/python3/rst2html5
update-alternatives 2021-04-06 06:52:22: run with --install /usr/bin/rst2latex rst2latex /usr/share/docutils/scripts/python3/rst2latex 20
update-alternatives 2021-04-06 06:52:22: link group rst2latex updated to point to /usr/share/docutils/scripts/python3/rst2latex
update-alternatives 2021-04-06 06:52:22: run with --install /usr/bin/rst2man rst2man /usr/share/docutils/scripts/python3/rst2man 20
update-alternatives 2021-04-06 06:52:22: link group rst2man updated to point to /usr/share/docutils/scripts/python3/rst2man
update-alternatives 2021-04-06 06:52:22: run with --install /usr/bin/rst2odt rst2odt /usr/share/docutils/scripts/python3/rst2odt 20
update-alternatives 2021-04-06 06:52:22: link group rst2odt updated to point to /usr/share/docutils/scripts/python3/rst2odt
update-alternatives 2021-04-06 06:52:22: run with --install /usr/bin/rst2odt_prepstyles rst2odt_prepstyles /usr/share/docutils/scripts/python3/rst2odt_prepstyles 20
update-alternatives 2021-04-06 06:52:22: link group rst2odt_prepstyles updated to point to /usr/share/docutils/scripts/python3/rst2odt_prepstyles
update-alternatives 2021-04-06 06:52:22: run with --install /usr/bin/rst2pseudoxml rst2pseudoxml /usr/share/docutils/scripts/python3/rst2pseudoxml 20
update-alternatives 2021-04-06 06:52:22: link group rst2pseudoxml updated to point to /usr/share/docutils/scripts/python3/rst2pseudoxml
update-alternatives 2021-04-06 06:52:22: run with --install /usr/bin/rst2s5 rst2s5 /usr/share/docutils/scripts/python3/rst2s5 20
update-alternatives 2021-04-06 06:52:22: link group rst2s5 updated to point to /usr/share/docutils/scripts/python3/rst2s5
update-alternatives 2021-04-06 06:52:22: run with --install /usr/bin/rst2xetex rst2xetex /usr/share/docutils/scripts/python3/rst2xetex 20
update-alternatives 2021-04-06 06:52:22: link group rst2xetex updated to point to /usr/share/docutils/scripts/python3/rst2xetex
update-alternatives 2021-04-06 06:52:22: run with --install /usr/bin/rst2xml rst2xml /usr/share/docutils/scripts/python3/rst2xml 20
update-alternatives 2021-04-06 06:52:22: link group rst2xml updated to point to /usr/share/docutils/scripts/python3/rst2xml
update-alternatives 2021-04-06 06:52:22: run with --install /usr/bin/rstpep2html rstpep2html /usr/share/docutils/scripts/python3/rstpep2html 20
update-alternatives 2021-04-06 06:52:22: link group rstpep2html updated to point to /usr/share/docutils/scripts/python3/rstpep2html
update-alternatives 2021-04-06 06:53:02: run with --install /usr/bin/lzma lzma /usr/bin/xz 20 --slave /usr/share/man/man1/lzma.1.gz lzma.1.gz /usr/share/man/man1/xz.1.gz --slave /usr/bin/unlzma unlzma /usr/bin/unxz --slave /usr/share/man/man1/unlzma.1.gz unlzma.1.gz /usr/share/man/man1/unxz.1.gz --slave /usr/bin/lzcat lzcat /usr/bin/xzcat --slave /usr/share/man/man1/lzcat.1.gz lzcat.1.gz /usr/share/man/man1/xzcat.1.gz --slave /usr/bin/lzmore lzmore /usr/bin/xzmore --slave /usr/share/man/man1/lzmore.1.gz lzmore.1.gz /usr/share/man/man1/xzmore.1.gz --slave /usr/bin/lzless lzless /usr/bin/xzless --slave /usr/share/man/man1/lzless.1.gz lzless.1.gz /usr/share/man/man1/xzless.1.gz --slave /usr/bin/lzdiff lzdiff /usr/bin/xzdiff --slave /usr/share/man/man1/lzdiff.1.gz lzdiff.1.gz /usr/share/man/man1/xzdiff.1.gz --slave /usr/bin/lzcmp lzcmp /usr/bin/xzcmp --slave /usr/share/man/man1/lzcmp.1.gz lzcmp.1.gz /usr/share/man/man1/xzcmp.1.gz --slave /usr/bin/lzgrep lzgrep /usr/bin/xzgrep --slave /usr/share/man/man1/lzgrep.1.gz lzgrep.1.gz /usr/share/man/man1/xzgrep.1.gz --slave /usr/bin/lzegrep lzegrep /usr/bin/xzegrep --slave /usr/share/man/man1/lzegrep.1.gz lzegrep.1.gz /usr/share/man/man1/xzegrep.1.gz --slave /usr/bin/lzfgrep lzfgrep /usr/bin/xzfgrep --slave /usr/share/man/man1/lzfgrep.1.gz lzfgrep.1.gz /usr/share/man/man1/xzfgrep.1.gz
update-alternatives 2021-04-06 06:53:02: link group lzma updated to point to /usr/bin/xz
update-alternatives 2021-04-06 06:53:03: run with --quiet --install /lib/cpp cpp /usr/bin/cpp 10
update-alternatives 2021-04-06 06:53:03: link group cpp updated to point to /usr/bin/cpp
update-alternatives 2021-04-06 06:53:03: run with --quiet --install /usr/bin/cc cc /usr/bin/gcc 20 --slave /usr/share/man/man1/cc.1.gz cc.1.gz /usr/share/man/man1/gcc.1.gz
update-alternatives 2021-04-06 06:53:03: link group cc updated to point to /usr/bin/gcc
update-alternatives 2021-04-06 06:53:03: run with --quiet --install /usr/bin/c89 c89 /usr/bin/c89-gcc 20 --slave /usr/share/man/man1/c89.1.gz c89.1.gz /usr/share/man/man1/c89-gcc.1.gz
update-alternatives 2021-04-06 06:53:03: link group c89 updated to point to /usr/bin/c89-gcc
update-alternatives 2021-04-06 06:53:03: run with --quiet --install /usr/bin/c99 c99 /usr/bin/c99-gcc 20 --slave /usr/share/man/man1/c99.1.gz c99.1.gz /usr/share/man/man1/c99-gcc.1.gz
update-alternatives 2021-04-06 06:53:03: link group c99 updated to point to /usr/bin/c99-gcc
update-alternatives 2021-04-06 06:53:03: run with --install /usr/bin/c++ c++ /usr/bin/g++ 20 --slave /usr/share/man/man1/c++.1.gz c++.1.gz /usr/share/man/man1/g++.1.gz
update-alternatives 2021-04-06 06:53:03: link group c++ updated to point to /usr/bin/g++
update-alternatives 2021-04-06 07:28:38: run with --remove c++ /usr/bin/g++
update-alternatives 2021-04-06 07:28:38: link group c++ fully removed
update-alternatives 2021-04-06 07:28:38: run with --quiet --remove cc /usr/bin/gcc
update-alternatives 2021-04-06 07:28:38: link group cc fully removed
update-alternatives 2021-04-06 07:28:38: run with --quiet --remove c89 /usr/bin/c89-gcc
update-alternatives 2021-04-06 07:28:38: link group c89 fully removed
update-alternatives 2021-04-06 07:28:38: run with --quiet --remove c99 /usr/bin/c99-gcc
update-alternatives 2021-04-06 07:28:38: link group c99 fully removed
update-alternatives 2021-04-06 07:28:38: run with --quiet --remove cpp /usr/bin/cpp
update-alternatives 2021-04-06 07:28:38: link group cpp fully removed
