2025-11-23T01:30:14.450Z: StuckCiJobsWorker: Cleaning stuck builds
2025-11-23T02:18:55.770Z: ActiveRecord connection established
2025-11-23T02:19:54.392Z: ActiveRecord connection established
2025-11-23T02:20:54.194Z: ActiveRecord connection established
2025-11-23T02:30:07.475Z: StuckCiJobsWorker: Cleaning stuck builds
2025-11-23T03:30:15.233Z: StuckCiJobsWorker: Cleaning stuck builds
2025-11-23T04:30:05.054Z: StuckCiJobsWorker: Cleaning stuck builds
2025-11-23T05:30:18.754Z: StuckCiJobsWorker: Cleaning stuck builds
2025-11-23T06:30:18.992Z: StuckCiJobsWorker: Cleaning stuck builds
2025-11-23T06:51:28.708Z: Checking state of dynamic postgres partitions
2025-11-23T07:30:16.818Z: StuckCiJobsWorker: Cleaning stuck builds
2025-11-23T08:30:28.227Z: StuckCiJobsWorker: Cleaning stuck builds
2025-11-23T09:30:21.807Z: StuckCiJobsWorker: Cleaning stuck builds
2025-11-23T10:30:05.977Z: StuckCiJobsWorker: Cleaning stuck builds
2025-11-23T11:30:32.845Z: StuckCiJobsWorker: Cleaning stuck builds
2025-11-23T12:30:06.609Z: StuckCiJobsWorker: Cleaning stuck builds
2025-11-23T12:51:22.434Z: Checking state of dynamic postgres partitions
2025-11-23T13:30:32.249Z: StuckCiJobsWorker: Cleaning stuck builds
2025-11-23T14:23:48.219Z: ActiveRecord connection established
2025-11-23T14:24:48.016Z: ActiveRecord connection established
2025-11-23T14:25:47.886Z: ActiveRecord connection established
2025-11-23T14:30:22.087Z: StuckCiJobsWorker: Cleaning stuck builds
2025-11-23T15:30:28.209Z: StuckCiJobsWorker: Cleaning stuck builds
2025-11-23T16:30:08.064Z: StuckCiJobsWorker: Cleaning stuck builds
2025-11-23T17:30:01.923Z: StuckCiJobsWorker: Cleaning stuck builds
2025-11-23T18:30:35.852Z: StuckCiJobsWorker: Cleaning stuck builds
2025-11-23T18:51:09.848Z: Checking state of dynamic postgres partitions
2025-11-23T19:30:10.932Z: Refreshing trending projects
2025-11-23T19:30:11.163Z: StuckCiJobsWorker: Cleaning stuck builds
2025-11-23T20:30:12.689Z: StuckCiJobsWorker: Cleaning stuck builds
2025-11-23T21:30:04.979Z: StuckCiJobsWorker: Cleaning stuck builds
2025-11-23T22:30:08.068Z: StuckCiJobsWorker: Cleaning stuck builds
2025-11-23T23:30:15.444Z: StuckCiJobsWorker: Cleaning stuck builds
2025-11-24T00:30:32.008Z: StuckCiJobsWorker: Cleaning stuck builds
2025-11-24T00:51:26.593Z: Checking state of dynamic postgres partitions
2025-11-24T01:30:12.495Z: StuckCiJobsWorker: Cleaning stuck builds
2025-11-24T02:28:41.705Z: ActiveRecord connection established
2025-11-24T02:29:41.535Z: ActiveRecord connection established
2025-11-24T02:30:22.257Z: StuckCiJobsWorker: Cleaning stuck builds
2025-11-24T02:30:41.442Z: ActiveRecord connection established
2025-11-24T03:30:20.398Z: StuckCiJobsWorker: Cleaning stuck builds
2025-11-24T04:30:09.688Z: StuckCiJobsWorker: Cleaning stuck builds
2025-11-24T05:30:17.800Z: StuckCiJobsWorker: Cleaning stuck builds
2025-11-24T06:30:09.165Z: StuckCiJobsWorker: Cleaning stuck builds
2025-11-24T06:51:04.966Z: Checking state of dynamic postgres partitions
2025-11-24T07:30:32.062Z: StuckCiJobsWorker: Cleaning stuck builds
2025-11-24T08:30:03.894Z: StuckCiJobsWorker: Cleaning stuck builds
2025-11-24T09:30:01.304Z: StuckCiJobsWorker: Cleaning stuck builds
2025-11-24T10:30:04.701Z: StuckCiJobsWorker: Cleaning stuck builds
2025-11-24T11:30:13.718Z: StuckCiJobsWorker: Cleaning stuck builds
2025-11-24T12:30:12.742Z: StuckCiJobsWorker: Cleaning stuck builds
2025-11-24T12:51:23.461Z: Checking state of dynamic postgres partitions
2025-11-24T13:30:19.626Z: StuckCiJobsWorker: Cleaning stuck builds
2025-11-24T14:30:28.382Z: StuckCiJobsWorker: Cleaning stuck builds
2025-11-24T14:33:35.301Z: ActiveRecord connection established
2025-11-24T14:34:35.208Z: ActiveRecord connection established
2025-11-24T14:35:35.102Z: ActiveRecord connection established
2025-11-24T15:30:34.932Z: StuckCiJobsWorker: Cleaning stuck builds
2025-11-24T16:30:10.628Z: StuckCiJobsWorker: Cleaning stuck builds
2025-11-24T17:30:37.529Z: StuckCiJobsWorker: Cleaning stuck builds
2025-11-24T18:30:20.809Z: StuckCiJobsWorker: Cleaning stuck builds
2025-11-24T18:51:03.275Z: Checking state of dynamic postgres partitions
2025-11-24T19:30:02.151Z: Refreshing trending projects
2025-11-24T19:30:02.399Z: StuckCiJobsWorker: Cleaning stuck builds
2025-11-24T19:58:50.163Z: User "GitLab Alert Bot" (alert@localhost) was created
2025-11-24T19:58:55.370Z: User "GitLab Support Bot" (support@localhost) was created
2025-11-24T19:58:55.516Z: Consul api_url is not present in config/gitlab.yml
2025-11-24T20:30:12.386Z: StuckCiJobsWorker: Cleaning stuck builds
2025-11-24T21:30:22.788Z: StuckCiJobsWorker: Cleaning stuck builds
2025-11-24T22:30:29.493Z: StuckCiJobsWorker: Cleaning stuck builds
2025-11-24T23:30:04.598Z: StuckCiJobsWorker: Cleaning stuck builds
2025-11-25T00:30:05.559Z: StuckCiJobsWorker: Cleaning stuck builds
2025-11-25T00:51:05.138Z: Checking state of dynamic postgres partitions
2025-11-25T01:30:07.350Z: StuckCiJobsWorker: Cleaning stuck builds
2025-11-25T02:30:13.615Z: StuckCiJobsWorker: Cleaning stuck builds
2025-11-25T02:38:29.022Z: ActiveRecord connection established
2025-11-25T02:39:28.877Z: ActiveRecord connection established
2025-11-25T02:40:28.782Z: ActiveRecord connection established
2025-11-25T03:30:33.216Z: StuckCiJobsWorker: Cleaning stuck builds
2025-11-25T03:59:59.378Z: Consul api_url is not present in config/gitlab.yml
2025-11-25T04:30:28.002Z: StuckCiJobsWorker: Cleaning stuck builds
2025-11-25T05:30:34.844Z: StuckCiJobsWorker: Cleaning stuck builds
2025-11-25T06:30:09.888Z: StuckCiJobsWorker: Cleaning stuck builds
2025-11-25T06:51:07.385Z: Checking state of dynamic postgres partitions
2025-11-25T07:30:27.720Z: StuckCiJobsWorker: Cleaning stuck builds
2025-11-25T08:30:04.374Z: StuckCiJobsWorker: Cleaning stuck builds
2025-11-25T09:30:36.144Z: StuckCiJobsWorker: Cleaning stuck builds
2025-11-25T10:30:15.023Z: StuckCiJobsWorker: Cleaning stuck builds
2025-11-25T11:30:16.071Z: StuckCiJobsWorker: Cleaning stuck builds
2025-11-25T12:30:11.420Z: StuckCiJobsWorker: Cleaning stuck builds
2025-11-25T12:51:18.538Z: Checking state of dynamic postgres partitions
2025-11-25T13:30:10.528Z: StuckCiJobsWorker: Cleaning stuck builds
2025-11-25T14:30:18.674Z: StuckCiJobsWorker: Cleaning stuck builds
2025-11-25T14:43:22.692Z: ActiveRecord connection established
2025-11-25T14:44:22.528Z: ActiveRecord connection established
2025-11-25T14:45:22.435Z: ActiveRecord connection established
2025-11-25T15:30:02.720Z: StuckCiJobsWorker: Cleaning stuck builds
2025-11-25T16:30:10.369Z: StuckCiJobsWorker: Cleaning stuck builds
2025-11-25T17:30:03.012Z: StuckCiJobsWorker: Cleaning stuck builds
2025-11-25T18:30:23.373Z: StuckCiJobsWorker: Cleaning stuck builds
2025-11-25T18:51:42.675Z: Checking state of dynamic postgres partitions
2025-11-25T19:30:08.921Z: Refreshing trending projects
2025-11-25T19:30:09.136Z: StuckCiJobsWorker: Cleaning stuck builds
2025-11-25T20:00:36.554Z: Consul api_url is not present in config/gitlab.yml
2025-11-25T20:30:21.902Z: StuckCiJobsWorker: Cleaning stuck builds
2025-11-25T21:30:16.752Z: StuckCiJobsWorker: Cleaning stuck builds
2025-11-25T22:30:04.903Z: StuckCiJobsWorker: Cleaning stuck builds
2025-11-25T23:30:27.312Z: StuckCiJobsWorker: Cleaning stuck builds
2025-11-26T00:30:03.876Z: StuckCiJobsWorker: Cleaning stuck builds
2025-11-26T00:51:38.259Z: Checking state of dynamic postgres partitions
2025-11-26T01:30:09.155Z: StuckCiJobsWorker: Cleaning stuck builds
2025-11-26T02:30:02.040Z: StuckCiJobsWorker: Cleaning stuck builds
2025-11-26T02:48:16.309Z: ActiveRecord connection established
2025-11-26T02:49:16.156Z: ActiveRecord connection established
2025-11-26T02:50:16.047Z: ActiveRecord connection established
2025-11-26T03:30:30.277Z: StuckCiJobsWorker: Cleaning stuck builds
2025-11-26T04:30:21.646Z: StuckCiJobsWorker: Cleaning stuck builds
2025-11-26T05:30:14.777Z: StuckCiJobsWorker: Cleaning stuck builds
2025-11-26T06:30:03.014Z: StuckCiJobsWorker: Cleaning stuck builds
2025-11-26T06:51:35.612Z: Checking state of dynamic postgres partitions
2025-11-26T07:30:02.843Z: StuckCiJobsWorker: Cleaning stuck builds
2025-11-26T08:30:01.760Z: StuckCiJobsWorker: Cleaning stuck builds
2025-11-26T09:30:06.960Z: StuckCiJobsWorker: Cleaning stuck builds
2025-11-26T10:30:28.694Z: StuckCiJobsWorker: Cleaning stuck builds
2025-11-26T11:30:08.240Z: StuckCiJobsWorker: Cleaning stuck builds
2025-11-26T12:30:19.626Z: StuckCiJobsWorker: Cleaning stuck builds
2025-11-26T12:51:28.433Z: Checking state of dynamic postgres partitions
2025-11-26T13:30:04.055Z: StuckCiJobsWorker: Cleaning stuck builds
2025-11-26T14:30:34.563Z: StuckCiJobsWorker: Cleaning stuck builds
2025-11-26T14:53:09.864Z: ActiveRecord connection established
2025-11-26T14:54:09.713Z: ActiveRecord connection established
2025-11-26T14:55:09.677Z: ActiveRecord connection established
2025-11-26T15:30:01.959Z: StuckCiJobsWorker: Cleaning stuck builds
2025-11-26T16:30:28.312Z: StuckCiJobsWorker: Cleaning stuck builds
2025-11-26T17:30:05.189Z: StuckCiJobsWorker: Cleaning stuck builds
2025-11-26T18:30:40.297Z: StuckCiJobsWorker: Cleaning stuck builds
2025-11-26T18:51:14.685Z: Checking state of dynamic postgres partitions
2025-11-26T19:30:03.848Z: Refreshing trending projects
2025-11-26T19:30:04.121Z: StuckCiJobsWorker: Cleaning stuck builds
2025-11-26T20:01:19.442Z: Consul api_url is not present in config/gitlab.yml
2025-11-26T20:30:06.088Z: StuckCiJobsWorker: Cleaning stuck builds
2025-11-26T21:30:02.438Z: StuckCiJobsWorker: Cleaning stuck builds
2025-11-26T22:30:06.393Z: StuckCiJobsWorker: Cleaning stuck builds
2025-11-26T23:30:03.739Z: StuckCiJobsWorker: Cleaning stuck builds
2025-11-27T00:30:13.581Z: StuckCiJobsWorker: Cleaning stuck builds
2025-11-27T00:51:03.738Z: Checking state of dynamic postgres partitions
2025-11-27T01:30:15.910Z: StuckCiJobsWorker: Cleaning stuck builds
2025-11-27T02:30:04.170Z: StuckCiJobsWorker: Cleaning stuck builds
2025-11-27T02:58:03.555Z: ActiveRecord connection established
2025-11-27T02:59:03.381Z: ActiveRecord connection established
2025-11-27T03:00:03.341Z: ActiveRecord connection established
2025-11-27T03:30:22.371Z: StuckCiJobsWorker: Cleaning stuck builds
2025-11-27T04:30:07.941Z: StuckCiJobsWorker: Cleaning stuck builds
2025-11-27T05:30:33.770Z: StuckCiJobsWorker: Cleaning stuck builds
2025-11-27T06:30:20.325Z: StuckCiJobsWorker: Cleaning stuck builds
2025-11-27T06:51:20.098Z: Checking state of dynamic postgres partitions
2025-11-27T07:30:22.534Z: StuckCiJobsWorker: Cleaning stuck builds
2025-11-27T08:30:13.373Z: StuckCiJobsWorker: Cleaning stuck builds
2025-11-27T09:30:04.882Z: StuckCiJobsWorker: Cleaning stuck builds
2025-11-27T10:30:19.835Z: StuckCiJobsWorker: Cleaning stuck builds
2025-11-27T11:30:03.544Z: StuckCiJobsWorker: Cleaning stuck builds
2025-11-27T12:30:17.875Z: StuckCiJobsWorker: Cleaning stuck builds
2025-11-27T12:51:22.585Z: Checking state of dynamic postgres partitions
2025-11-27T13:30:10.907Z: StuckCiJobsWorker: Cleaning stuck builds
2025-11-27T14:30:20.515Z: StuckCiJobsWorker: Cleaning stuck builds
2025-11-27T15:02:57.149Z: ActiveRecord connection established
2025-11-27T15:03:57.008Z: ActiveRecord connection established
2025-11-27T15:04:56.906Z: ActiveRecord connection established
2025-11-27T15:30:18.897Z: StuckCiJobsWorker: Cleaning stuck builds
2025-11-27T16:30:20.613Z: StuckCiJobsWorker: Cleaning stuck builds
2025-11-27T17:30:17.197Z: StuckCiJobsWorker: Cleaning stuck builds
2025-11-27T18:30:17.368Z: StuckCiJobsWorker: Cleaning stuck builds
2025-11-27T18:51:04.129Z: Checking state of dynamic postgres partitions
2025-11-27T19:30:26.024Z: Refreshing trending projects
2025-11-27T19:30:26.240Z: StuckCiJobsWorker: Cleaning stuck builds
2025-11-27T20:30:43.176Z: StuckCiJobsWorker: Cleaning stuck builds
2025-11-27T21:30:22.444Z: StuckCiJobsWorker: Cleaning stuck builds
2025-11-27T22:30:18.758Z: StuckCiJobsWorker: Cleaning stuck builds
2025-11-27T23:30:04.846Z: StuckCiJobsWorker: Cleaning stuck builds
2025-11-28T00:30:27.755Z: StuckCiJobsWorker: Cleaning stuck builds
2025-11-28T00:51:02.900Z: Checking state of dynamic postgres partitions
2025-11-28T01:30:10.580Z: StuckCiJobsWorker: Cleaning stuck builds
2025-11-28T02:30:22.199Z: StuckCiJobsWorker: Cleaning stuck builds
2025-11-28T03:07:50.758Z: ActiveRecord connection established
2025-11-28T03:08:50.644Z: ActiveRecord connection established
2025-11-28T03:09:50.537Z: ActiveRecord connection established
2025-11-28T03:30:20.695Z: StuckCiJobsWorker: Cleaning stuck builds
2025-11-28T04:30:12.764Z: StuckCiJobsWorker: Cleaning stuck builds
2025-11-28T05:30:19.262Z: StuckCiJobsWorker: Cleaning stuck builds
2025-11-28T06:30:07.886Z: StuckCiJobsWorker: Cleaning stuck builds
2025-11-28T06:51:07.171Z: Checking state of dynamic postgres partitions
2025-11-28T07:30:06.961Z: StuckCiJobsWorker: Cleaning stuck builds
2025-11-28T08:30:26.236Z: StuckCiJobsWorker: Cleaning stuck builds
2025-11-28T09:30:16.529Z: StuckCiJobsWorker: Cleaning stuck builds
2025-11-28T10:30:08.324Z: StuckCiJobsWorker: Cleaning stuck builds
2025-11-28T11:30:01.904Z: StuckCiJobsWorker: Cleaning stuck builds
2025-11-28T12:30:01.964Z: StuckCiJobsWorker: Cleaning stuck builds
2025-11-28T12:51:12.916Z: Checking state of dynamic postgres partitions
2025-11-28T13:30:12.439Z: StuckCiJobsWorker: Cleaning stuck builds
2025-11-28T14:30:04.753Z: StuckCiJobsWorker: Cleaning stuck builds
2025-11-28T15:12:44.417Z: ActiveRecord connection established
2025-11-28T15:13:44.316Z: ActiveRecord connection established
2025-11-28T15:14:44.233Z: ActiveRecord connection established
2025-11-28T15:30:08.417Z: StuckCiJobsWorker: Cleaning stuck builds
2025-11-28T16:30:09.431Z: StuckCiJobsWorker: Cleaning stuck builds
2025-11-28T17:30:11.885Z: StuckCiJobsWorker: Cleaning stuck builds
2025-11-28T18:30:02.230Z: StuckCiJobsWorker: Cleaning stuck builds
2025-11-28T18:51:20.805Z: Checking state of dynamic postgres partitions
2025-11-28T19:30:28.540Z: Refreshing trending projects
2025-11-28T19:30:28.836Z: StuckCiJobsWorker: Cleaning stuck builds
2025-11-28T20:30:11.023Z: StuckCiJobsWorker: Cleaning stuck builds
2025-11-28T21:30:37.665Z: StuckCiJobsWorker: Cleaning stuck builds
2025-11-28T22:30:06.705Z: StuckCiJobsWorker: Cleaning stuck builds
2025-11-28T23:30:16.461Z: StuckCiJobsWorker: Cleaning stuck builds
2025-11-29T00:30:28.793Z: StuckCiJobsWorker: Cleaning stuck builds
2025-11-29T00:51:06.413Z: Checking state of dynamic postgres partitions
2025-11-29T01:30:33.116Z: StuckCiJobsWorker: Cleaning stuck builds
2025-11-29T02:30:07.782Z: StuckCiJobsWorker: Cleaning stuck builds
2025-11-29T03:17:37.908Z: ActiveRecord connection established
2025-11-29T03:18:37.832Z: ActiveRecord connection established
2025-11-29T03:19:37.759Z: ActiveRecord connection established
2025-11-29T03:30:03.370Z: StuckCiJobsWorker: Cleaning stuck builds
2025-11-29T04:30:09.256Z: StuckCiJobsWorker: Cleaning stuck builds
2025-11-29T05:30:10.817Z: StuckCiJobsWorker: Cleaning stuck builds
2025-11-29T06:30:01.980Z: StuckCiJobsWorker: Cleaning stuck builds
2025-11-29T06:51:15.977Z: Checking state of dynamic postgres partitions
2025-11-29T07:30:25.287Z: StuckCiJobsWorker: Cleaning stuck builds
2025-11-29T08:30:17.841Z: StuckCiJobsWorker: Cleaning stuck builds
2025-11-29T09:30:05.446Z: StuckCiJobsWorker: Cleaning stuck builds
2025-11-29T10:30:36.811Z: StuckCiJobsWorker: Cleaning stuck builds
2025-11-29T11:30:38.645Z: StuckCiJobsWorker: Cleaning stuck builds
2025-11-29T12:30:13.533Z: StuckCiJobsWorker: Cleaning stuck builds
2025-11-29T12:51:27.596Z: Checking state of dynamic postgres partitions
2025-11-29T13:30:13.020Z: StuckCiJobsWorker: Cleaning stuck builds
2025-11-29T14:30:27.709Z: StuckCiJobsWorker: Cleaning stuck builds
2025-11-29T15:22:31.667Z: ActiveRecord connection established
2025-11-29T15:23:31.520Z: ActiveRecord connection established
2025-11-29T15:24:31.429Z: ActiveRecord connection established
2025-11-29T15:30:17.260Z: StuckCiJobsWorker: Cleaning stuck builds
2025-11-29T16:30:15.934Z: StuckCiJobsWorker: Cleaning stuck builds
2025-11-29T17:30:04.902Z: StuckCiJobsWorker: Cleaning stuck builds
2025-11-29T18:30:19.455Z: StuckCiJobsWorker: Cleaning stuck builds
2025-11-29T18:51:34.435Z: Checking state of dynamic postgres partitions
2025-11-29T19:30:16.311Z: Refreshing trending projects
2025-11-29T19:30:16.526Z: StuckCiJobsWorker: Cleaning stuck builds
2025-11-29T20:30:12.370Z: StuckCiJobsWorker: Cleaning stuck builds
2025-11-29T20:58:11.832Z: Failed Login: username=khaefner ip=10.89.1.26
2025-11-29T21:30:23.170Z: StuckCiJobsWorker: Cleaning stuck builds
2025-11-29T21:32:11.282Z: Checking state of dynamic postgres partitions
2025-11-29T21:32:11.305Z: Checking state of dynamic postgres partitions
2025-11-29T21:32:42.087Z: ActiveRecord connection disconnected
2025-11-29T21:32:42.106Z: ActiveRecord connection established
2025-11-29T21:32:42.117Z: ActiveRecord connection established
2025-11-29T21:32:42.125Z: ActiveRecord connection established
2025-11-29T22:30:25.484Z: StuckCiJobsWorker: Cleaning stuck builds
2025-11-29T22:55:32.912Z: Failed Login: username=khaefner ip=10.89.1.27
2025-11-29T23:30:05.260Z: StuckCiJobsWorker: Cleaning stuck builds
2025-11-30T00:30:13.862Z: StuckCiJobsWorker: Cleaning stuck builds
2025-11-30T00:51:08.017Z: Checking state of dynamic postgres partitions
2025-11-30T01:30:15.905Z: StuckCiJobsWorker: Cleaning stuck builds
2025-11-30T02:30:24.173Z: StuckCiJobsWorker: Cleaning stuck builds
2025-11-30T03:30:06.353Z: StuckCiJobsWorker: Cleaning stuck builds
2025-11-30T04:30:18.442Z: StuckCiJobsWorker: Cleaning stuck builds
2025-11-30T05:30:12.194Z: StuckCiJobsWorker: Cleaning stuck builds
2025-11-30T06:30:37.067Z: StuckCiJobsWorker: Cleaning stuck builds
2025-11-30T06:51:10.642Z: Checking state of dynamic postgres partitions
2025-11-30T07:30:30.593Z: StuckCiJobsWorker: Cleaning stuck builds
2025-11-30T08:30:28.177Z: StuckCiJobsWorker: Cleaning stuck builds
2025-11-30T09:30:30.606Z: StuckCiJobsWorker: Cleaning stuck builds
2025-11-30T10:03:20.467Z: ActiveRecord connection established
2025-11-30T10:04:20.037Z: ActiveRecord connection established
2025-11-30T10:05:19.901Z: ActiveRecord connection established
2025-11-30T10:30:22.389Z: StuckCiJobsWorker: Cleaning stuck builds
2025-11-30T11:30:19.704Z: StuckCiJobsWorker: Cleaning stuck builds
2025-11-30T12:30:31.268Z: StuckCiJobsWorker: Cleaning stuck builds
2025-11-30T12:51:20.483Z: Checking state of dynamic postgres partitions
2025-11-30T13:30:26.092Z: StuckCiJobsWorker: Cleaning stuck builds
2025-11-30T14:22:26.646Z: Failed Login: username=khaefner ip=10.89.1.27
